# JRE version: Java(TM) SE Runtime Environment (7.0_45-b18) (build 1.7.0_45-b18)
# Java VM: Java HotSpot(TM) 64-Bit Server VM (24.45-b08 mixed mode bsd-amd64 compressed oops)
Heap
 PSYoungGen      total 38912K, used 8677K [0x0000000162c00000, 0x0000000165700000, 0x000000018d700000)
  eden space 33792K, 11% used [0x0000000162c00000,0x0000000162fc29d0,0x0000000164d00000)
  from space 5120K, 94% used [0x0000000165200000,0x00000001656b6da8,0x0000000165700000)
  to   space 5120K, 0% used [0x0000000164d00000,0x0000000164d00000,0x0000000165200000)
 ParOldGen       total 87040K, used 17367K [0x000000010d700000, 0x0000000112c00000, 0x0000000162c00000)
  object space 87040K, 19% used [0x000000010d700000,0x000000010e7f5d58,0x0000000112c00000)
 PSPermGen       total 22016K, used 21824K [0x0000000108500000, 0x0000000109a80000, 0x000000010d700000)
  object space 22016K, 99% used [0x0000000108500000,0x0000000109a500c0,0x0000000109a80000)
GC Heap History (8 events):
Event: 6.764 GC heap before
{Heap before GC invocations=1 (full 0):
 PSYoungGen      total 38912K, used 33792K [0x0000000162c00000, 0x0000000165700000, 0x000000018d700000)
  eden space 33792K, 100% used [0x0000000162c00000,0x0000000164d00000,0x0000000164d00000)
  from space 5120K, 0% used [0x0000000165200000,0x0000000165200000,0x0000000165700000)
  to   space 5120K, 0% used [0x0000000164d00000,0x0000000164d00000,0x0000000165200000)
 ParOldGen       total 87040K, used 0K [0x000000010d700000, 0x0000000112c00000, 0x0000000162c00000)
  object space 87040K, 0% used [0x000000010d700000,0x000000010d700000,0x0000000112c00000)
 PSPermGen       total 21504K, used 19603K [0x0000000108500000, 0x0000000109a00000, 0x000000010d700000)
  object space 21504K, 91% used [0x0000000108500000,0x0000000109824e10,0x0000000109a00000)
Event: 6.783 GC heap after
Heap after GC invocations=1 (full 0):
 PSYoungGen      total 38912K, used 5116K [0x0000000162c00000, 0x0000000165700000, 0x000000018d700000)
  eden space 33792K, 0% used [0x0000000162c00000,0x0000000162c00000,0x0000000164d00000)
  from space 5120K, 99% used [0x0000000164d00000,0x00000001651ff360,0x0000000165200000)
  to   space 5120K, 0% used [0x0000000165200000,0x0000000165200000,0x0000000165700000)
 ParOldGen       total 87040K, used 6905K [0x000000010d700000, 0x0000000112c00000, 0x0000000162c00000)
  object space 87040K, 7% used [0x000000010d700000,0x000000010ddbe470,0x0000000112c00000)
 PSPermGen       total 21504K, used 19603K [0x0000000108500000, 0x0000000109a00000, 0x000000010d700000)
  object space 21504K, 91% used [0x0000000108500000,0x0000000109824e10,0x0000000109a00000)
}
Event: 11.667 GC heap before
{Heap before GC invocations=2 (full 0):
 PSYoungGen      total 38912K, used 38908K [0x0000000162c00000, 0x0000000165700000, 0x000000018d700000)
  eden space 33792K, 100% used [0x0000000162c00000,0x0000000164d00000,0x0000000164d00000)
  from space 5120K, 99% used [0x0000000164d00000,0x00000001651ff360,0x0000000165200000)
  to   space 5120K, 0% used [0x0000000165200000,0x0000000165200000,0x0000000165700000)
 ParOldGen       total 87040K, used 6905K [0x000000010d700000, 0x0000000112c00000, 0x0000000162c00000)
  object space 87040K, 7% used [0x000000010d700000,0x000000010ddbe470,0x0000000112c00000)
 PSPermGen       total 22016K, used 21510K [0x0000000108500000, 0x0000000109a80000, 0x000000010d700000)
  object space 22016K, 97% used [0x0000000108500000,0x0000000109a01b80,0x0000000109a80000)
Event: 11.684 GC heap after
Heap after GC invocations=2 (full 0):
 PSYoungGen      total 38912K, used 5108K [0x0000000162c00000, 0x0000000165700000, 0x000000018d700000)
  eden space 33792K, 0% used [0x0000000162c00000,0x0000000162c00000,0x0000000164d00000)
  from space 5120K, 99% used [0x0000000165200000,0x00000001656fd0f0,0x0000000165700000)
  to   space 5120K, 0% used [0x0000000164d00000,0x0000000164d00000,0x0000000165200000)
 ParOldGen       total 87040K, used 10165K [0x000000010d700000, 0x0000000112c00000, 0x0000000162c00000)
  object space 87040K, 11% used [0x000000010d700000,0x000000010e0ed5f8,0x0000000112c00000)
 PSPermGen       total 22016K, used 21510K [0x0000000108500000, 0x0000000109a80000, 0x000000010d700000)
  object space 22016K, 97% used [0x0000000108500000,0x0000000109a01b80,0x0000000109a80000)
}
Event: 49.782 GC heap before
{Heap before GC invocations=3 (full 0):
 PSYoungGen      total 38912K, used 38900K [0x0000000162c00000, 0x0000000165700000, 0x000000018d700000)
  eden space 33792K, 100% used [0x0000000162c00000,0x0000000164d00000,0x0000000164d00000)
  from space 5120K, 99% used [0x0000000165200000,0x00000001656fd0f0,0x0000000165700000)
  to   space 5120K, 0% used [0x0000000164d00000,0x0000000164d00000,0x0000000165200000)
 ParOldGen       total 87040K, used 10165K [0x000000010d700000, 0x0000000112c00000, 0x0000000162c00000)
  object space 87040K, 11% used [0x000000010d700000,0x000000010e0ed5f8,0x0000000112c00000)
 PSPermGen       total 22016K, used 21710K [0x0000000108500000, 0x0000000109a80000, 0x000000010d700000)
  object space 22016K, 98% used [0x0000000108500000,0x0000000109a33bc0,0x0000000109a80000)
Event: 49.796 GC heap after
Heap after GC invocations=3 (full 0):
 PSYoungGen      total 38912K, used 2902K [0x0000000162c00000, 0x0000000165700000, 0x000000018d700000)
  eden space 33792K, 0% used [0x0000000162c00000,0x0000000162c00000,0x0000000164d00000)
  from space 5120K, 56% used [0x0000000164d00000,0x0000000164fd5988,0x0000000165200000)
  to   space 5120K, 0% used [0x0000000165200000,0x0000000165200000,0x0000000165700000)
 ParOldGen       total 87040K, used 13770K [0x000000010d700000, 0x0000000112c00000, 0x0000000162c00000)
  object space 87040K, 15% used [0x000000010d700000,0x000000010e4729a8,0x0000000112c00000)
 PSPermGen       total 22016K, used 21710K [0x0000000108500000, 0x0000000109a80000, 0x000000010d700000)
  object space 22016K, 98% used [0x0000000108500000,0x0000000109a33bc0,0x0000000109a80000)
}
Event: 4877.607 GC heap before
{Heap before GC invocations=4 (full 0):
 PSYoungGen      total 38912K, used 36694K [0x0000000162c00000, 0x0000000165700000, 0x000000018d700000)
  eden space 33792K, 100% used [0x0000000162c00000,0x0000000164d00000,0x0000000164d00000)
  from space 5120K, 56% used [0x0000000164d00000,0x0000000164fd5988,0x0000000165200000)
  to   space 5120K, 0% used [0x0000000165200000,0x0000000165200000,0x0000000165700000)
 ParOldGen       total 87040K, used 13770K [0x000000010d700000, 0x0000000112c00000, 0x0000000162c00000)
  object space 87040K, 15% used [0x000000010d700000,0x000000010e4729a8,0x0000000112c00000)
 PSPermGen       total 22016K, used 21817K [0x0000000108500000, 0x0000000109a80000, 0x000000010d700000)
  object space 22016K, 99% used [0x0000000108500000,0x0000000109a4e428,0x0000000109a80000)
Event: 4877.618 GC heap after
Heap after GC invocations=4 (full 0):
 PSYoungGen      total 38912K, used 4827K [0x0000000162c00000, 0x0000000165700000, 0x000000018d700000)
  eden space 33792K, 0% used [0x0000000162c00000,0x0000000162c00000,0x0000000164d00000)
  from space 5120K, 94% used [0x0000000165200000,0x00000001656b6da8,0x0000000165700000)
  to   space 5120K, 0% used [0x0000000164d00000,0x0000000164d00000,0x0000000165200000)
 ParOldGen       total 87040K, used 17367K [0x000000010d700000, 0x0000000112c00000, 0x0000000162c00000)
  object space 87040K, 19% used [0x000000010d700000,0x000000010e7f5d58,0x0000000112c00000)
 PSPermGen       total 22016K, used 21817K [0x0000000108500000, 0x0000000109a80000, 0x000000010d700000)
  object space 22016K, 99% used [0x0000000108500000,0x0000000109a4e428,0x0000000109a80000)
}

